<?xml version="1.0" encoding="UTF-8"?>
<testng-results ignored="0" total="1" passed="1" failed="0" skipped="0">
  <reporter-output>
  </reporter-output>
  <suite started-at="2022-08-16T10:14:53 IST" name="Default suite" finished-at="2022-08-16T10:14:58 IST" duration-ms="5662">
    <groups>
    </groups>
    <test started-at="2022-08-16T10:14:53 IST" name="Default test" finished-at="2022-08-16T10:14:58 IST" duration-ms="5662">
      <class name="com.qa.fb.tests.LoginTest">
        <test-method is-config="true" signature="setUp()[pri:0, instance:com.qa.fb.tests.LoginTest@53941c2f]" started-at="2022-08-16T10:14:53 IST" name="setUp" finished-at="2022-08-16T10:14:53 IST" duration-ms="19" status="PASS">
          <reporter-output>
          </reporter-output>
        </test-method> <!-- setUp -->
        <test-method signature="loginTest()[pri:0, instance:com.qa.fb.tests.LoginTest@53941c2f]" started-at="2022-08-16T10:14:53 IST" name="loginTest" finished-at="2022-08-16T10:14:58 IST" duration-ms="5487" status="PASS">
          <reporter-output>
          </reporter-output>
        </test-method> <!-- loginTest -->
      </class> <!-- com.qa.fb.tests.LoginTest -->
    </test> <!-- Default test -->
  </suite> <!-- Default suite -->
</testng-results>
