<?xml version="1.0" encoding="UTF-8"?>
<testng-results ignored="0" total="1" passed="1" failed="0" skipped="0">
  <reporter-output>
  </reporter-output>
  <suite started-at="2022-08-23T17:15:55 IST" name="Default suite" finished-at="2022-08-23T17:16:02 IST" duration-ms="6797">
    <groups>
    </groups>
    <test started-at="2022-08-23T17:15:55 IST" name="Default test" finished-at="2022-08-23T17:16:02 IST" duration-ms="6797">
      <class name="com.qa.fb.tests.SignUpPageTest">
        <test-method is-config="true" signature="setUp()[pri:0, instance:com.qa.fb.tests.SignUpPageTest@53941c2f]" started-at="2022-08-23T17:15:55 IST" name="setUp" finished-at="2022-08-23T17:15:55 IST" duration-ms="16" status="PASS">
          <reporter-output>
          </reporter-output>
        </test-method> <!-- setUp -->
        <test-method signature="signUpTest()[pri:0, instance:com.qa.fb.tests.SignUpPageTest@53941c2f]" started-at="2022-08-23T17:15:56 IST" name="signUpTest" finished-at="2022-08-23T17:16:02 IST" duration-ms="6646" status="PASS">
          <reporter-output>
          </reporter-output>
        </test-method> <!-- signUpTest -->
      </class> <!-- com.qa.fb.tests.SignUpPageTest -->
    </test> <!-- Default test -->
  </suite> <!-- Default suite -->
</testng-results>
